{"/media/willy/files-cinco/development/u/n0t3z/controllers/notes.js":{"path":"/media/willy/files-cinco/development/u/n0t3z/controllers/notes.js","s":{"1":1,"2":1,"3":1,"4":2,"5":2,"6":0,"7":2,"8":2,"9":1,"10":3,"11":3,"12":3,"13":3,"14":1,"15":3,"16":3},"b":{"1":[0,2],"2":[1,2],"3":[3,3]},"f":{"1":2,"2":2,"3":3,"4":3},"fnMap":{"1":{"name":"(anonymous_1)","line":5,"loc":{"start":{"line":5,"column":23},"end":{"line":5,"column":42}}},"2":{"name":"(anonymous_2)","line":6,"loc":{"start":{"line":6,"column":17},"end":{"line":6,"column":38}}},"3":{"name":"(anonymous_3)","line":13,"loc":{"start":{"line":13,"column":21},"end":{"line":13,"column":40}}},"4":{"name":"(anonymous_4)","line":16,"loc":{"start":{"line":16,"column":73},"end":{"line":16,"column":94}}}},"statementMap":{"1":{"start":{"line":2,"column":0},"end":{"line":2,"column":33}},"2":{"start":{"line":3,"column":0},"end":{"line":3,"column":83}},"3":{"start":{"line":5,"column":0},"end":{"line":11,"column":2}},"4":{"start":{"line":6,"column":4},"end":{"line":10,"column":7}},"5":{"start":{"line":7,"column":6},"end":{"line":7,"column":41}},"6":{"start":{"line":7,"column":14},"end":{"line":7,"column":41}},"7":{"start":{"line":8,"column":6},"end":{"line":8,"column":32}},"8":{"start":{"line":9,"column":6},"end":{"line":9,"column":34}},"9":{"start":{"line":13,"column":0},"end":{"line":21,"column":2}},"10":{"start":{"line":14,"column":4},"end":{"line":14,"column":35}},"11":{"start":{"line":15,"column":4},"end":{"line":15,"column":50}},"12":{"start":{"line":16,"column":4},"end":{"line":20,"column":7}},"13":{"start":{"line":17,"column":6},"end":{"line":17,"column":51}},"14":{"start":{"line":17,"column":31},"end":{"line":17,"column":51}},"15":{"start":{"line":18,"column":6},"end":{"line":18,"column":36}},"16":{"start":{"line":19,"column":6},"end":{"line":19,"column":35}}},"branchMap":{"1":{"line":7,"type":"if","locations":[{"start":{"line":7,"column":6},"end":{"line":7,"column":6}},{"start":{"line":7,"column":6},"end":{"line":7,"column":6}}]},"2":{"line":17,"type":"if","locations":[{"start":{"line":17,"column":6},"end":{"line":17,"column":6}},{"start":{"line":17,"column":6},"end":{"line":17,"column":6}}]},"3":{"line":17,"type":"binary-expr","locations":[{"start":{"line":17,"column":9},"end":{"line":17,"column":12}},{"start":{"line":17,"column":16},"end":{"line":17,"column":29}}]}}},"/media/willy/files-cinco/development/u/n0t3z/app.js":{"path":"/media/willy/files-cinco/development/u/n0t3z/app.js","s":{"1":1,"2":1,"3":1,"4":1,"5":1,"6":1,"7":5,"8":5,"9":5,"10":1,"11":1,"12":1,"13":1,"14":1,"15":1,"16":1,"17":1},"b":{"1":[1,1]},"f":{"1":5},"fnMap":{"1":{"name":"(anonymous_1)","line":11,"loc":{"start":{"line":11,"column":8},"end":{"line":11,"column":33}}}},"statementMap":{"1":{"start":{"line":1,"column":0},"end":{"line":4,"column":48}},"2":{"start":{"line":5,"column":4},"end":{"line":5,"column":35}},"3":{"start":{"line":7,"column":0},"end":{"line":7,"column":52}},"4":{"start":{"line":8,"column":0},"end":{"line":8,"column":27}},"5":{"start":{"line":9,"column":0},"end":{"line":9,"column":26}},"6":{"start":{"line":11,"column":0},"end":{"line":15,"column":3}},"7":{"start":{"line":12,"column":2},"end":{"line":12,"column":49}},"8":{"start":{"line":13,"column":2},"end":{"line":13,"column":95}},"9":{"start":{"line":14,"column":2},"end":{"line":14,"column":9}},"10":{"start":{"line":17,"column":0},"end":{"line":17,"column":30}},"11":{"start":{"line":19,"column":0},"end":{"line":19,"column":46}},"12":{"start":{"line":22,"column":0},"end":{"line":22,"column":29}},"13":{"start":{"line":24,"column":0},"end":{"line":25,"column":30}},"14":{"start":{"line":27,"column":0},"end":{"line":28,"column":29}},"15":{"start":{"line":30,"column":0},"end":{"line":30,"column":23}},"16":{"start":{"line":31,"column":0},"end":{"line":31,"column":21}},"17":{"start":{"line":32,"column":0},"end":{"line":32,"column":37}}},"branchMap":{"1":{"line":32,"type":"binary-expr","locations":[{"start":{"line":32,"column":11},"end":{"line":32,"column":27}},{"start":{"line":32,"column":31},"end":{"line":32,"column":35}}]}}}}