TN:
SF:/media/willy/files-cinco/development/u/n0t3z/controllers/notes.js
FN:5,(anonymous_1)
FN:6,(anonymous_2)
FN:13,(anonymous_3)
FN:16,(anonymous_4)
FNF:4
FNH:4
FNDA:2,(anonymous_1)
FNDA:2,(anonymous_2)
FNDA:3,(anonymous_3)
FNDA:3,(anonymous_4)
DA:2,1
DA:3,1
DA:5,1
DA:6,2
DA:7,2
DA:8,2
DA:9,2
DA:13,1
DA:14,3
DA:15,3
DA:16,3
DA:17,3
DA:18,3
DA:19,3
LF:14
LH:14
BRDA:7,1,0,0
BRDA:7,1,1,2
BRDA:17,2,0,1
BRDA:17,2,1,2
BRDA:17,3,0,3
BRDA:17,3,1,3
BRF:6
BRH:5
end_of_record
TN:
SF:/media/willy/files-cinco/development/u/n0t3z/app.js
FN:11,(anonymous_1)
FNF:1
FNH:1
FNDA:5,(anonymous_1)
DA:1,1
DA:5,1
DA:7,1
DA:8,1
DA:9,1
DA:11,1
DA:12,5
DA:13,5
DA:14,5
DA:17,1
DA:19,1
DA:22,1
DA:24,1
DA:27,1
DA:30,1
DA:31,1
DA:32,1
LF:17
LH:17
BRDA:32,1,0,1
BRDA:32,1,1,1
BRF:2
BRH:2
end_of_record
